<?xml version="1.0" encoding="UTF-8"?>
<coverage generated="1781544734625" clover="3.2.0">
  <project timestamp="1781544734625" name="All files">
    <metrics statements="31" coveredstatements="24" conditionals="25" coveredconditionals="15" methods="17" coveredmethods="13" elements="73" coveredelements="52" complexity="0" loc="31" ncloc="31" packages="1" files="5" classes="5"/>
    <file name="category-bars.tsx" path="/Users/Dmitriy/workspace/github.com/reverse-todo/frontend/src/components/category-bars.tsx">
      <metrics statements="3" coveredstatements="3" conditionals="0" coveredconditionals="0" methods="3" coveredmethods="3"/>
      <line num="9" count="2" type="stmt"/>
      <line num="10" count="1" type="stmt"/>
      <line num="13" count="2" type="stmt"/>
    </file>
    <file name="dot-week-strip.tsx" path="/Users/Dmitriy/workspace/github.com/reverse-todo/frontend/src/components/dot-week-strip.tsx">
      <metrics statements="3" coveredstatements="3" conditionals="4" coveredconditionals="3" methods="2" coveredmethods="2"/>
      <line num="7" count="1" type="stmt"/>
      <line num="8" count="1" type="stmt"/>
      <line num="11" count="7" type="stmt"/>
    </file>
    <file name="entry-composer.tsx" path="/Users/Dmitriy/workspace/github.com/reverse-todo/frontend/src/components/entry-composer.tsx">
      <metrics statements="18" coveredstatements="15" conditionals="17" coveredconditionals="10" methods="7" coveredmethods="6"/>
      <line num="7" count="1" type="stmt"/>
      <line num="14" count="15" type="stmt"/>
      <line num="15" count="15" type="stmt"/>
      <line num="16" count="15" type="stmt"/>
      <line num="19" count="1" type="cond" truecount="3" falsecount="1"/>
      <line num="20" count="1" type="stmt"/>
      <line num="21" count="1" type="stmt"/>
      <line num="22" count="1" type="stmt"/>
      <line num="23" count="1" type="stmt"/>
      <line num="25" count="1" type="stmt"/>
      <line num="29" count="15" type="stmt"/>
      <line num="37" count="12" type="stmt"/>
      <line num="39" count="12" type="cond" truecount="2" falsecount="3"/>
      <line num="40" count="0" type="stmt"/>
      <line num="41" count="0" type="stmt"/>
      <line num="47" count="45" type="stmt"/>
      <line num="56" count="0" type="cond" truecount="0" falsecount="2"/>
      <line num="66" count="1" type="stmt"/>
    </file>
    <file name="evidence-line.tsx" path="/Users/Dmitriy/workspace/github.com/reverse-todo/frontend/src/components/evidence-line.tsx">
      <metrics statements="3" coveredstatements="3" conditionals="2" coveredconditionals="2" methods="2" coveredmethods="2"/>
      <line num="9" count="1" type="stmt"/>
      <line num="10" count="1" type="stmt"/>
      <line num="19" count="1" type="stmt"/>
    </file>
    <file name="layout.tsx" path="/Users/Dmitriy/workspace/github.com/reverse-todo/frontend/src/components/layout.tsx">
      <metrics statements="4" coveredstatements="0" conditionals="2" coveredconditionals="0" methods="3" coveredmethods="0"/>
      <line num="3" count="0" type="stmt"/>
      <line num="10" count="0" type="stmt"/>
      <line num="24" count="0" type="stmt"/>
      <line num="28" count="0" type="cond" truecount="0" falsecount="2"/>
    </file>
  </project>
</coverage>
