{"/Users/Dmitriy/workspace/github.com/reverse-todo/frontend/src/components/category-bars.tsx": {"path":"/Users/Dmitriy/workspace/github.com/reverse-todo/frontend/src/components/category-bars.tsx","statementMap":{"0":{"start":{"line":9,"column":14},"end":{"line":9,"column":null}},"1":{"start":{"line":9,"column":43},"end":{"line":9,"column":50}},"2":{"start":{"line":10,"column":2},"end":{"line":29,"column":null}},"3":{"start":{"line":13,"column":8},"end":{"line":27,"column":null}}},"fnMap":{"0":{"name":"CategoryBars","decl":{"start":{"line":8,"column":16},"end":{"line":8,"column":29}},"loc":{"start":{"line":8,"column":59},"end":{"line":31,"column":null}},"line":8},"1":{"name":"(anonymous_1)","decl":{"start":{"line":9,"column":32},"end":{"line":9,"column":37}},"loc":{"start":{"line":9,"column":43},"end":{"line":9,"column":50}},"line":9},"2":{"name":"(anonymous_2)","decl":{"start":{"line":12,"column":13},"end":{"line":12,"column":18}},"loc":{"start":{"line":13,"column":8},"end":{"line":27,"column":null}},"line":13}},"branchMap":{},"s":{"0":1,"1":2,"2":1,"3":2},"f":{"0":1,"1":2,"2":2},"b":{},"meta":{"lastBranch":0,"lastFunction":3,"lastStatement":4,"seen":{"f:8:16:8:29":0,"s:9:14:9:Infinity":0,"f:9:32:9:37":1,"s:9:43:9:50":1,"s:10:2:29:Infinity":2,"f:12:13:12:18":2,"s:13:8:27:Infinity":3},"fnNames":{}}}
,"/Users/Dmitriy/workspace/github.com/reverse-todo/frontend/src/components/dot-week-strip.tsx": {"path":"/Users/Dmitriy/workspace/github.com/reverse-todo/frontend/src/components/dot-week-strip.tsx","statementMap":{"0":{"start":{"line":7,"column":14},"end":{"line":7,"column":null}},"1":{"start":{"line":8,"column":2},"end":{"line":23,"column":null}},"2":{"start":{"line":11,"column":8},"end":{"line":21,"column":null}}},"fnMap":{"0":{"name":"DotWeekStrip","decl":{"start":{"line":6,"column":16},"end":{"line":6,"column":29}},"loc":{"start":{"line":6,"column":68},"end":{"line":25,"column":null}},"line":6},"1":{"name":"(anonymous_1)","decl":{"start":{"line":10,"column":14},"end":{"line":10,"column":19}},"loc":{"start":{"line":11,"column":8},"end":{"line":21,"column":null}},"line":11}},"branchMap":{"0":{"loc":{"start":{"line":14,"column":30},"end":{"line":14,"column":77}},"type":"cond-expr","locations":[{"start":{"line":14,"column":44},"end":{"line":14,"column":51}},{"start":{"line":14,"column":51},"end":{"line":14,"column":77}}],"line":14},"1":{"loc":{"start":{"line":16,"column":11},"end":{"line":21,"column":null}},"type":"binary-expr","locations":[{"start":{"line":16,"column":11},"end":{"line":16,"column":null}},{"start":{"line":17,"column":12},"end":{"line":21,"column":null}}],"line":16}},"s":{"0":1,"1":1,"2":7},"f":{"0":1,"1":7},"b":{"0":[2,5],"1":[7,0]},"meta":{"lastBranch":2,"lastFunction":2,"lastStatement":3,"seen":{"f:6:16:6:29":0,"s:7:14:7:Infinity":0,"s:8:2:23:Infinity":1,"f:10:14:10:19":1,"s:11:8:21:Infinity":2,"b:14:44:14:51:14:51:14:77":0,"b:16:11:16:Infinity:17:12:21:Infinity":1},"fnNames":{}}}
,"/Users/Dmitriy/workspace/github.com/reverse-todo/frontend/src/components/entry-composer.tsx": {"path":"/Users/Dmitriy/workspace/github.com/reverse-todo/frontend/src/components/entry-composer.tsx","statementMap":{"0":{"start":{"line":7,"column":14},"end":{"line":11,"column":null}},"1":{"start":{"line":14,"column":15},"end":{"line":14,"column":null}},"2":{"start":{"line":15,"column":15},"end":{"line":15,"column":null}},"3":{"start":{"line":16,"column":17},"end":{"line":16,"column":null}},"4":{"start":{"line":19,"column":4},"end":{"line":19,"column":null}},"5":{"start":{"line":19,"column":32},"end":{"line":19,"column":null}},"6":{"start":{"line":20,"column":4},"end":{"line":20,"column":null}},"7":{"start":{"line":21,"column":4},"end":{"line":26,"column":null}},"8":{"start":{"line":22,"column":6},"end":{"line":22,"column":null}},"9":{"start":{"line":23,"column":6},"end":{"line":23,"column":null}},"10":{"start":{"line":25,"column":6},"end":{"line":25,"column":null}},"11":{"start":{"line":29,"column":2},"end":{"line":70,"column":null}},"12":{"start":{"line":37,"column":25},"end":{"line":37,"column":null}},"13":{"start":{"line":39,"column":10},"end":{"line":42,"column":null}},"14":{"start":{"line":40,"column":12},"end":{"line":40,"column":null}},"15":{"start":{"line":41,"column":12},"end":{"line":41,"column":null}},"16":{"start":{"line":47,"column":10},"end":{"line":59,"column":null}},"17":{"start":{"line":56,"column":27},"end":{"line":56,"column":null}},"18":{"start":{"line":66,"column":23},"end":{"line":66,"column":null}}},"fnMap":{"0":{"name":"EntryComposer","decl":{"start":{"line":13,"column":16},"end":{"line":13,"column":30}},"loc":{"start":{"line":13,"column":64},"end":{"line":72,"column":null}},"line":13},"1":{"name":"handleSubmit","decl":{"start":{"line":18,"column":17},"end":{"line":18,"column":32}},"loc":{"start":{"line":18,"column":32},"end":{"line":27,"column":null}},"line":18},"2":{"name":"(anonymous_2)","decl":{"start":{"line":37,"column":8},"end":{"line":37,"column":19}},"loc":{"start":{"line":37,"column":25},"end":{"line":37,"column":null}},"line":37},"3":{"name":"(anonymous_3)","decl":{"start":{"line":38,"column":8},"end":{"line":38,"column":20}},"loc":{"start":{"line":38,"column":26},"end":{"line":43,"column":null}},"line":38},"4":{"name":"(anonymous_4)","decl":{"start":{"line":46,"column":15},"end":{"line":46,"column":20}},"loc":{"start":{"line":47,"column":10},"end":{"line":59,"column":null}},"line":47},"5":{"name":"(anonymous_5)","decl":{"start":{"line":56,"column":12},"end":{"line":56,"column":27}},"loc":{"start":{"line":56,"column":27},"end":{"line":56,"column":null}},"line":56},"6":{"name":"(anonymous_6)","decl":{"start":{"line":66,"column":8},"end":{"line":66,"column":23}},"loc":{"start":{"line":66,"column":23},"end":{"line":66,"column":null}},"line":66}},"branchMap":{"0":{"loc":{"start":{"line":19,"column":4},"end":{"line":19,"column":null}},"type":"if","locations":[{"start":{"line":19,"column":4},"end":{"line":19,"column":null}},{"start":{},"end":{}}],"line":19},"1":{"loc":{"start":{"line":19,"column":8},"end":{"line":19,"column":32}},"type":"binary-expr","locations":[{"start":{"line":19,"column":8},"end":{"line":19,"column":24}},{"start":{"line":19,"column":24},"end":{"line":19,"column":32}}],"line":19},"2":{"loc":{"start":{"line":39,"column":10},"end":{"line":42,"column":null}},"type":"if","locations":[{"start":{"line":39,"column":10},"end":{"line":42,"column":null}},{"start":{},"end":{}}],"line":39},"3":{"loc":{"start":{"line":39,"column":14},"end":{"line":39,"column":61}},"type":"binary-expr","locations":[{"start":{"line":39,"column":14},"end":{"line":39,"column":36}},{"start":{"line":39,"column":36},"end":{"line":39,"column":49}},{"start":{"line":39,"column":49},"end":{"line":39,"column":61}}],"line":39},"4":{"loc":{"start":{"line":52,"column":14},"end":{"line":54,"column":null}},"type":"cond-expr","locations":[{"start":{"line":53,"column":18},"end":{"line":53,"column":null}},{"start":{"line":54,"column":18},"end":{"line":54,"column":null}}],"line":52},"5":{"loc":{"start":{"line":56,"column":35},"end":{"line":56,"column":73}},"type":"cond-expr","locations":[{"start":{"line":56,"column":54},"end":{"line":56,"column":66}},{"start":{"line":56,"column":66},"end":{"line":56,"column":73}}],"line":56},"6":{"loc":{"start":{"line":64,"column":18},"end":{"line":64,"column":null}},"type":"binary-expr","locations":[{"start":{"line":64,"column":18},"end":{"line":64,"column":34}},{"start":{"line":64,"column":34},"end":{"line":64,"column":null}}],"line":64},"7":{"loc":{"start":{"line":68,"column":9},"end":{"line":68,"column":null}},"type":"cond-expr","locations":[{"start":{"line":68,"column":18},"end":{"line":68,"column":32}},{"start":{"line":68,"column":32},"end":{"line":68,"column":null}}],"line":68}},"s":{"0":1,"1":15,"2":15,"3":15,"4":1,"5":0,"6":1,"7":1,"8":1,"9":1,"10":1,"11":15,"12":12,"13":12,"14":0,"15":0,"16":45,"17":0,"18":1},"f":{"0":15,"1":1,"2":12,"3":12,"4":45,"5":0,"6":1},"b":{"0":[0,1],"1":[1,1],"2":[0,12],"3":[12,0,0],"4":[0,45],"5":[0,0],"6":[15,13],"7":[1,14]},"meta":{"lastBranch":8,"lastFunction":7,"lastStatement":19,"seen":{"s:7:14:11:Infinity":0,"f:13:16:13:30":0,"s:14:15:14:Infinity":1,"s:15:15:15:Infinity":2,"s:16:17:16:Infinity":3,"f:18:17:18:32":1,"b:19:4:19:Infinity:undefined:undefined:undefined:undefined":0,"s:19:4:19:Infinity":4,"b:19:8:19:24:19:24:19:32":1,"s:19:32:19:Infinity":5,"s:20:4:20:Infinity":6,"s:21:4:26:Infinity":7,"s:22:6:22:Infinity":8,"s:23:6:23:Infinity":9,"s:25:6:25:Infinity":10,"s:29:2:70:Infinity":11,"f:37:8:37:19":2,"s:37:25:37:Infinity":12,"f:38:8:38:20":3,"b:39:10:42:Infinity:undefined:undefined:undefined:undefined":2,"s:39:10:42:Infinity":13,"b:39:14:39:36:39:36:39:49:39:49:39:61":3,"s:40:12:40:Infinity":14,"s:41:12:41:Infinity":15,"f:46:15:46:20":4,"s:47:10:59:Infinity":16,"b:53:18:53:Infinity:54:18:54:Infinity":4,"f:56:12:56:27":5,"s:56:27:56:Infinity":17,"b:56:54:56:66:56:66:56:73":5,"b:64:18:64:34:64:34:64:Infinity":6,"f:66:8:66:23":6,"s:66:23:66:Infinity":18,"b:68:18:68:32:68:32:68:Infinity":7},"fnNames":{}}}
,"/Users/Dmitriy/workspace/github.com/reverse-todo/frontend/src/components/evidence-line.tsx": {"path":"/Users/Dmitriy/workspace/github.com/reverse-todo/frontend/src/components/evidence-line.tsx","statementMap":{"0":{"start":{"line":9,"column":19},"end":{"line":9,"column":null}},"1":{"start":{"line":10,"column":2},"end":{"line":28,"column":null}},"2":{"start":{"line":19,"column":12},"end":{"line":24,"column":null}}},"fnMap":{"0":{"name":"EvidenceLine","decl":{"start":{"line":8,"column":16},"end":{"line":8,"column":29}},"loc":{"start":{"line":8,"column":59},"end":{"line":30,"column":null}},"line":8},"1":{"name":"(anonymous_1)","decl":{"start":{"line":18,"column":22},"end":{"line":18,"column":27}},"loc":{"start":{"line":19,"column":12},"end":{"line":24,"column":null}},"line":19}},"branchMap":{"0":{"loc":{"start":{"line":16,"column":7},"end":{"line":28,"column":null}},"type":"binary-expr","locations":[{"start":{"line":16,"column":7},"end":{"line":16,"column":null}},{"start":{"line":17,"column":8},"end":{"line":28,"column":null}}],"line":16}},"s":{"0":1,"1":1,"2":1},"f":{"0":1,"1":1},"b":{"0":[1,1]},"meta":{"lastBranch":1,"lastFunction":2,"lastStatement":3,"seen":{"f:8:16:8:29":0,"s:9:19:9:Infinity":0,"s:10:2:28:Infinity":1,"b:16:7:16:Infinity:17:8:28:Infinity":0,"f:18:22:18:27":1,"s:19:12:24:Infinity":2},"fnNames":{}}}
,"/Users/Dmitriy/workspace/github.com/reverse-todo/frontend/src/components/layout.tsx": {"path":"/Users/Dmitriy/workspace/github.com/reverse-todo/frontend/src/components/layout.tsx","statementMap":{"0":{"start":{"line":3,"column":14},"end":{"line":7,"column":null}},"1":{"start":{"line":10,"column":2},"end":{"line":37,"column":null}},"2":{"start":{"line":24,"column":12},"end":{"line":33,"column":null}},"3":{"start":{"line":28,"column":16},"end":{"line":28,"column":null}}},"fnMap":{"0":{"name":"Layout","decl":{"start":{"line":9,"column":16},"end":{"line":9,"column":25}},"loc":{"start":{"line":9,"column":25},"end":{"line":39,"column":null}},"line":9},"1":{"name":"(anonymous_1)","decl":{"start":{"line":23,"column":17},"end":{"line":23,"column":22}},"loc":{"start":{"line":24,"column":12},"end":{"line":33,"column":null}},"line":24},"2":{"name":"(anonymous_2)","decl":{"start":{"line":27,"column":14},"end":{"line":27,"column":26}},"loc":{"start":{"line":28,"column":16},"end":{"line":28,"column":null}},"line":28}},"branchMap":{"0":{"loc":{"start":{"line":28,"column":27},"end":{"line":28,"column":null}},"type":"cond-expr","locations":[{"start":{"line":28,"column":38},"end":{"line":28,"column":66}},{"start":{"line":28,"column":66},"end":{"line":28,"column":null}}],"line":28}},"s":{"0":0,"1":0,"2":0,"3":0},"f":{"0":0,"1":0,"2":0},"b":{"0":[0,0]},"meta":{"lastBranch":1,"lastFunction":3,"lastStatement":4,"seen":{"s:3:14:7:Infinity":0,"f:9:16:9:25":0,"s:10:2:37:Infinity":1,"f:23:17:23:22":1,"s:24:12:33:Infinity":2,"f:27:14:27:26":2,"s:28:16:28:Infinity":3,"b:28:38:28:66:28:66:28:Infinity":0},"fnNames":{}}}
}
